<?xml version="1.0" encoding="UTF-8"?><testsuite errors="0" failures="1" name="in.reqres.pageinfo.UserPageCurdTest" skipped="0" tests="4" time="3.73" timestamp="2022-06-05T22:29:24.580+01:00[Europe/London]"><testcase classname="in.reqres.pageinfo.UserPageCurdTest" name="Test001"/><testcase classname="in.reqres.pageinfo.UserPageCurdTest" name="Test002"><failure message="1 expectation failed.&#10;Expected status code &lt;200&gt; but was &lt;404&gt;.&#10;" type="java.lang.AssertionError">1 expectation failed.
Expected status code &lt;200&gt; but was &lt;404&gt;.
</failure><system-err>1 expectation failed.
Expected status code &lt;200&gt; but was &lt;404&gt;.
&#13;
io.restassured.internal.ResponseSpecificationImpl.validateResponseIfRequired(ResponseSpecificationImpl.groovy:636)&#13;
io.restassured.internal.ResponseSpecificationImpl.statusCode(ResponseSpecificationImpl.groovy:122)&#13;
io.restassured.internal.ResponseSpecificationImpl.statusCode(ResponseSpecificationImpl.groovy:130)&#13;
io.restassured.internal.ValidatableResponseOptionsImpl.statusCode(ValidatableResponseOptionsImpl.java:117)&#13;
in.reqres.pageinfo.UserPageCurdTest.test002(UserPageCurdTest.java:33)&#13;
</system-err></testcase><testcase classname="in.reqres.pageinfo.UserPageCurdTest" name="Test003"/><testcase classname="in.reqres.pageinfo.UserPageCurdTest" name="Test004"/></testsuite>