<?xml version="1.0" encoding="UTF-8"?><testsuite errors="0" failures="0" name="End to End testing of User data" skipped="0" tests="4" time="3.8" timestamp="2022-06-21T06:12:32.910+01:00[Europe/London]"><testcase name="Create a new User data &amp; verify if the User is added"/><testcase name="Verify the User data are successfully created"/><testcase name="Update the User data for given ID"/><testcase name="Delete the Prodct data for given ID &amp; verify the record are deleted successfully"/></testsuite>